HW2_1/109590029_HW2_1/app/build/intermediates/manifest_merge_blame_file/debug/manifest-merger-blame-debug-report.txt
1<?xml version="1.0" encoding="utf-8"?>
2<manifest xmlns:android="http://schemas.android.com/apk/res/android"
3    package="com.example.android.hellotoast"
4    android:versionCode="1"
5    android:versionName="1.0" >
6
7    <uses-sdk
8        android:minSdkVersion="16"
8-->src\main\AndroidManifest.xml
9        android:targetSdkVersion="26" />
9-->src\main\AndroidManifest.xml
10
11    <application
11-->src\main\AndroidManifest.xml:5:5-29:19
12        android:allowBackup="true"
12-->src\main\AndroidManifest.xml:6:9-35
13        android:debuggable="true"
14        android:icon="@mipmap/ic_launcher"
14-->src\main\AndroidManifest.xml:7:9-43
15        android:label="@string/app_name"
15-->src\main\AndroidManifest.xml:8:9-41
16        android:roundIcon="@mipmap/ic_launcher_round"
16-->src\main\AndroidManifest.xml:9:9-54
17        android:supportsRtl="true"
17-->src\main\AndroidManifest.xml:10:9-35
18        android:theme="@style/AppTheme" >
18-->src\main\AndroidManifest.xml:11:9-40
19        <activity
19-->src\main\AndroidManifest.xml:13:9-20:20
20            android:name="com.example.android.hellotoast.SecondActivity"
20-->src\main\AndroidManifest.xml:13:19-49
21            android:label="Second Activity"
21-->src\main\AndroidManifest.xml:14:13-46
22            android:parentActivityName="com.example.android.hellotoast.MainActivity" >
22-->src\main\AndroidManifest.xml:15:13-55
23            <meta-data
23-->src\main\AndroidManifest.xml:16:13-19:69
24                android:name="android.support.PARENT_ACTIVITY"
24-->src\main\AndroidManifest.xml:17:17-63
25                android:value="com.example.android.hellotoast.MainActivity" />
25-->src\main\AndroidManifest.xml:18:17-98
26        </activity>
27        <activity android:name="com.example.android.hellotoast.MainActivity" >
27-->src\main\AndroidManifest.xml:22:9-28:20
27-->src\main\AndroidManifest.xml:22:19-47
28            <intent-filter>
28-->src\main\AndroidManifest.xml:23:13-27:29
29                <action android:name="android.intent.action.MAIN" />
29-->src\main\AndroidManifest.xml:24:17-69
29-->src\main\AndroidManifest.xml:24:25-66
30
31                <category android:name="android.intent.category.LAUNCHER" />
31-->src\main\AndroidManifest.xml:26:17-77
31-->src\main\AndroidManifest.xml:26:27-74
32            </intent-filter>
33        </activity>
34
35        <meta-data
35-->[com.android.support:appcompat-v7:26.1.0] AndroidManifest.xml:26:9-28:38
36            android:name="android.support.VERSION"
36-->[com.android.support:appcompat-v7:26.1.0] AndroidManifest.xml:27:13-51
37            android:value="26.1.0" />
37-->[com.android.support:appcompat-v7:26.1.0] AndroidManifest.xml:28:13-35
38        <meta-data
38-->[android.arch.lifecycle:runtime:1.0.0] AndroidManifest.xml:25:9-27:47
39            android:name="android.arch.lifecycle.VERSION"
39-->[android.arch.lifecycle:runtime:1.0.0] AndroidManifest.xml:26:13-58
40            android:value="27.0.0-SNAPSHOT" />
40-->[android.arch.lifecycle:runtime:1.0.0] AndroidManifest.xml:27:13-44
41    </application>
42
43</manifest>